<?xml version="1.0" encoding="UTF-8"?>
<!-- Generated by org.testng.reporters.JUnitXMLReporter -->
<testsuite ignored="0" hostname="DESKTOP-NRO9H63" failures="0" tests="3" name="Default test" time="34.975" errors="0" timestamp="2021-06-26T23:50:44 IST">
  <testcase classname="tests.HomePageTest" name="verifyApplicationLogoDisplayed" time="3.361"/>
  <testcase classname="tests.HomePageTest" name="verifySaleAlertPromptMessageDisplayed" time="1.889"/>
  <testcase classname="tests.HomePageTest" name="navigateToLoginPage" time="17.002"/>
</testsuite> <!-- Default test -->
